[21:01:06] [main/INFO] (FabricLoader/GameProvider) Loading Minecraft 1.21.7 with Fabric Loader 0.18.4
[21:01:06] [main/INFO] (FabricLoader) Loading 53 mods:
	- cloth-basic-math 0.6.1
	- cloth-config 19.0.147
	- fabric-api 0.129.0+1.21.7
	- fabric-api-base 0.4.64+9ec45cd86c
	- fabric-api-lookup-api-v1 1.6.100+946bf4c36c
	- fabric-biome-api-v1 16.0.11+946bf4c36c
	- fabric-block-api-v1 1.1.3+946bf4c36c
	- fabric-block-view-api-v2 1.0.31+946bf4c36c
	- fabric-client-gametest-api-v1 4.2.5+8a98c3fc6c
	- fabric-command-api-v2 2.2.53+946bf4c36c
	- fabric-content-registries-v0 10.0.18+946bf4c36c
	- fabric-convention-tags-v1 2.1.40+7f945d5b6c
	- fabric-convention-tags-v2 2.15.5+eb5df52f6c
	- fabric-crash-report-info-v1 0.3.15+946bf4c36c
	- fabric-data-attachment-api-v1 1.8.10+946bf4c36c
	- fabric-data-generation-api-v1 23.2.4+55e55d296c
	- fabric-dimensions-v1 4.0.19+946bf4c36c
	- fabric-entity-events-v1 2.1.1+c9e472736c
	- fabric-events-interaction-v0 4.0.23+946bf4c36c
	- fabric-game-rule-api-v1 1.0.73+c64c9c5b6c
	- fabric-gametest-api-v1 3.1.9+39ce47f56c
	- fabric-item-api-v1 11.4.3+946bf4c36c
	- fabric-item-group-api-v1 4.2.13+946bf4c36c
	- fabric-key-binding-api-v1 1.0.65+946bf4c36c
	- fabric-lifecycle-events-v1 2.6.3+db4dfd856c
	- fabric-loot-api-v2 3.0.55+3f89f5a56c
	- fabric-loot-api-v3 2.0.2+946bf4c36c
	- fabric-message-api-v1 6.1.1+946bf4c36c
	- fabric-model-loading-api-v1 5.2.5+946bf4c36c
	- fabric-networking-api-v1 5.0.1+946bf4c36c
	- fabric-object-builder-api-v1 21.1.7+946bf4c36c
	- fabric-particles-v1 4.1.7+946bf4c36c
	- fabric-recipe-api-v1 8.1.14+946bf4c36c
	- fabric-registry-sync-v0 6.1.27+946bf4c36c
	- fabric-renderer-api-v1 7.0.2+946bf4c36c
	- fabric-renderer-indigo 4.0.2+946bf4c36c
	- fabric-rendering-fluids-v1 3.1.30+fa6cb72b6c
	- fabric-rendering-v1 12.4.0+e8d43c766c
	- fabric-resource-conditions-api-v1 5.0.24+946bf4c36c
	- fabric-resource-loader-v0 3.1.11+946bf4c36c
	- fabric-screen-api-v1 2.1.0+277ecf7d6c
	- fabric-screen-handler-api-v1 1.3.136+946bf4c36c
	- fabric-sound-api-v1 1.0.42+946bf4c36c
	- fabric-tag-api-v1 1.2.1+946bf4c36c
	- fabric-transfer-api-v1 6.0.5+946bf4c36c
	- fabric-transitive-access-wideners-v1 6.4.1+ac3e15d16c
	- fabricloader 0.18.4
	- java 21
	- minecraft 1.21.7
	- mixinextras 0.5.0
	- modmenu 15.0.0
	   \-- placeholder-api 2.7.2+1.21.8
	- zcmd 1.0
[21:01:07] [main/INFO] (FabricLoader/Mixin) SpongePowered MIXIN Subsystem Version=0.8.7 Source=file:/C:/Users/hplp0/.gradle/caches/modules-2/files-2.1/net.fabricmc/sponge-mixin/0.17.0+mixin.0.8.7/cf31463202f72d03b0ef1e1e38e8ee71b7faaab6/sponge-mixin-0.17.0+mixin.0.8.7.jar Service=Knot/Fabric Env=CLIENT
[21:01:07] [main/INFO] (FabricLoader/Mixin) Loaded Fabric development mappings for mixin remapper!
[21:01:07] [main/INFO] (FabricLoader/Mixin) Compatibility level set to JAVA_21
[21:01:07] [main/WARN] (FabricLoader/Mixin) Error loading class: net/minecraft/class_339 (java.lang.ClassNotFoundException: net/minecraft/class_339)
[21:01:07] [main/WARN] (FabricLoader/Mixin) @Mixin target net.minecraft.class_339 was not found mixins.modmenu.json:AccessorClickableWidget from mod modmenu
[21:01:07] [main/WARN] (FabricLoader/Mixin) Error loading class: net/minecraft/class_7845 (java.lang.ClassNotFoundException: net/minecraft/class_7845)
[21:01:07] [main/WARN] (FabricLoader/Mixin) @Mixin target net.minecraft.class_7845 was not found mixins.modmenu.json:AccessorGridWidget from mod modmenu
[21:01:07] [main/WARN] (FabricLoader/Mixin) Error loading class: net/minecraft/class_433 (java.lang.ClassNotFoundException: net/minecraft/class_433)
[21:01:07] [main/WARN] (FabricLoader/Mixin) @Mixin target net.minecraft.class_433 was not found mixins.modmenu.json:MixinGameMenu from mod modmenu
[21:01:07] [main/WARN] (FabricLoader/Mixin) Error loading class: net/minecraft/class_442 (java.lang.ClassNotFoundException: net/minecraft/class_442)
[21:01:07] [main/WARN] (FabricLoader/Mixin) @Mixin target net.minecraft.class_442 was not found mixins.modmenu.json:MixinTitleScreen from mod modmenu
[21:01:08] [main/INFO] (FabricLoader/MixinExtras|Service) Initializing MixinExtras via com.llamalad7.mixinextras.service.MixinExtrasServiceImpl(version=0.5.0).
[21:01:10] [Datafixer Bootstrap/INFO] (Minecraft) 269 Datafixer optimizations took 508 milliseconds
[21:01:10] [main/WARN] (PerfDataUtil) Failed to add PDH Counter: \Paging File(_Total)\% Usage, Error code: 0xC0000BB8
[21:01:10] [main/WARN] (PerfCounterQueryHandler) Failed to add counter for PDH counter: \Paging File(_Total)\% Usage
[21:01:10] [main/INFO] (PerfCounterQuery) Disabling further attempts to query Paging File.
